d:\c_big\vc1\d1\魔塔素材\魔塔\magictower\magictower\x64\release\magictower.pch
d:\c_big\vc1\d1\魔塔素材\魔塔\magictower\magictower\x64\release\vc141.pdb
d:\c_big\vc1\d1\魔塔素材\魔塔\magictower\magictower\x64\release\stdafx.obj
d:\c_big\vc1\d1\魔塔素材\魔塔\magictower\magictower\x64\release\magictower.obj
d:\c_big\vc1\d1\魔塔素材\魔塔\magictower\magictower2\代码\x64\release\magictower.pch
d:\c_big\vc1\d1\魔塔素材\魔塔\magictower\magictower2\代码\x64\release\vc141.pdb
d:\c_big\vc1\d1\魔塔素材\魔塔\magictower\magictower2\代码\x64\release\stdafx.obj
d:\c_big\vc1\d1\魔塔素材\魔塔\magictower\magictower2\代码\x64\release\magictower.obj
d:\c_big\vc1\d1\魔塔素材\魔塔\magictower\x64\release\magictower.exe
d:\c_big\vc1\d1\魔塔素材\魔塔\magictower\x64\release\magictower.pdb
d:\c_big\vc1\d1\魔塔素材\魔塔\magictower\magictower2\代码\x64\release\magictower.exe
d:\c_big\vc1\d1\魔塔素材\魔塔\magictower\magictower2\代码\x64\release\magictower.pdb
d:\c_big\vc1\d1\魔塔素材\魔塔\magictower\x64\release\magictower.ipdb
d:\c_big\vc1\d1\魔塔素材\魔塔\magictower\x64\release\magictower.iobj
d:\c_big\vc1\d1\魔塔素材\魔塔\magictower\magictower2\代码\x64\release\magictower.ipdb
d:\c_big\vc1\d1\魔塔素材\魔塔\magictower\magictower2\代码\x64\release\magictower.iobj
d:\c_big\vc1\d1\魔塔素材\魔塔\magictower\magictower2\代码\x64\release\magictower.tlog\cl.command.1.tlog
d:\c_big\vc1\d1\魔塔素材\魔塔\magictower\magictower2\代码\x64\release\magictower.tlog\cl.read.1.tlog
d:\c_big\vc1\d1\魔塔素材\魔塔\magictower\magictower2\代码\x64\release\magictower.tlog\cl.write.1.tlog
d:\c_big\vc1\d1\魔塔素材\魔塔\magictower\magictower2\代码\x64\release\magictower.tlog\link.command.1.tlog
d:\c_big\vc1\d1\魔塔素材\魔塔\magictower\magictower2\代码\x64\release\magictower.tlog\link.read.1.tlog
d:\c_big\vc1\d1\魔塔素材\魔塔\magictower\magictower2\代码\x64\release\magictower.tlog\link.write.1.tlog
d:\c_big\vc1\d1\魔塔素材\魔塔\magictower\magictower2\代码\x64\release\magictower.tlog\magictower.write.1u.tlog
